This is pdfTeX, Version 3.1415926-2.3-1.40.12 (TeX Live 2011) (format=pdflatex 2012.4.24)  8 APR 2013 01:10
entering extended mode
 restricted \write18 enabled.
 %&-line parsing enabled.
**"sublimelatexsheet -Mac.tex"
(./sublimelatexsheet -Mac.tex
LaTeX2e <2011/06/27>
Babel <v3.8m> and hyphenation patterns for english, dumylang, nohyphenation, ge
rman-x-2011-07-01, ngerman-x-2011-07-01, afrikaans, ancientgreek, ibycus, arabi
c, armenian, basque, bulgarian, catalan, pinyin, coptic, croatian, czech, danis
h, dutch, ukenglish, usenglishmax, esperanto, estonian, ethiopic, farsi, finnis
h, french, friulan, galician, german, ngerman, swissgerman, monogreek, greek, h
ungarian, icelandic, assamese, bengali, gujarati, hindi, kannada, malayalam, ma
rathi, oriya, panjabi, tamil, telugu, indonesian, interlingua, irish, italian, 
kurmanji, lao, latin, latvian, lithuanian, mongolian, mongolianlmc, bokmal, nyn
orsk, polish, portuguese, romanian, romansh, russian, sanskrit, serbian, serbia
nc, slovak, slovenian, spanish, swedish, turkish, turkmen, ukrainian, uppersorb
ian, welsh, loaded.
(/usr/local/texlive/2011/texmf-dist/tex/latex/base/article.cls
Document Class: article 2007/10/19 v1.4h Standard LaTeX document class
(/usr/local/texlive/2011/texmf-dist/tex/latex/base/size12.clo
File: size12.clo 2007/10/19 v1.4h Standard LaTeX file (size option)
)
\c@part=\count79
\c@section=\count80
\c@subsection=\count81
\c@subsubsection=\count82
\c@paragraph=\count83
\c@subparagraph=\count84
\c@figure=\count85
\c@table=\count86
\abovecaptionskip=\skip41
\belowcaptionskip=\skip42
\bibindent=\dimen102
)
(/usr/local/texlive/2011/texmf-dist/tex/latex/tools/multicol.sty
Package: multicol 2011/06/27 v1.7a multicolumn formatting (FMi)
\c@tracingmulticols=\count87
\mult@box=\box26
\multicol@leftmargin=\dimen103
\c@unbalance=\count88
\c@collectmore=\count89
\doublecol@number=\count90
\multicoltolerance=\count91
\multicolpretolerance=\count92
\full@width=\dimen104
\page@free=\dimen105
\premulticols=\dimen106
\postmulticols=\dimen107
\multicolsep=\skip43
\multicolbaselineskip=\skip44
\partial@page=\box27
\last@line=\box28
\mult@rightbox=\box29
\mult@grightbox=\box30
\mult@gfirstbox=\box31
\mult@firstbox=\box32
\@tempa=\box33
\@tempa=\box34
\@tempa=\box35
\@tempa=\box36
\@tempa=\box37
\@tempa=\box38
\@tempa=\box39
\@tempa=\box40
\@tempa=\box41
\@tempa=\box42
\@tempa=\box43
\@tempa=\box44
\@tempa=\box45
\@tempa=\box46
\@tempa=\box47
\@tempa=\box48
\@tempa=\box49
\c@columnbadness=\count93
\c@finalcolumnbadness=\count94
\last@try=\dimen108
\multicolovershoot=\dimen109
\multicolundershoot=\dimen110
\mult@nat@firstbox=\box50
\colbreak@box=\box51
\multicol@sort@counter=\count95
)
(/usr/local/texlive/2011/texmf-dist/tex/latex/tools/calc.sty
Package: calc 2007/08/22 v4.3 Infix arithmetic (KKT,FJ)
\calc@Acount=\count96
\calc@Bcount=\count97
\calc@Adimen=\dimen111
\calc@Bdimen=\dimen112
\calc@Askip=\skip45
\calc@Bskip=\skip46
LaTeX Info: Redefining \setlength on input line 76.
LaTeX Info: Redefining \addtolength on input line 77.
\calc@Ccount=\count98
\calc@Cskip=\skip47
)
(/usr/local/texlive/2011/texmf-dist/tex/latex/base/ifthen.sty
Package: ifthen 2001/05/26 v1.1c Standard LaTeX ifthen package (DPC)
)
(/usr/local/texlive/2011/texmf-dist/tex/latex/base/textcomp.sty
Package: textcomp 2005/09/27 v1.99g Standard LaTeX package
Package textcomp Info: Sub-encoding information:
(textcomp)               5 = only ISO-Adobe without \textcurrency
(textcomp)               4 = 5 + \texteuro
(textcomp)               3 = 4 + \textohm
(textcomp)               2 = 3 + \textestimated + \textcurrency
(textcomp)               1 = TS1 - \textcircled - \t
(textcomp)               0 = TS1 (full)
(textcomp)             Font families with sub-encoding setting implement
(textcomp)             only a restricted character set as indicated.
(textcomp)             Family '?' is the default used for unknown fonts.
(textcomp)             See the documentation for details.
Package textcomp Info: Setting ? sub-encoding to TS1/1 on input line 71.

(/usr/local/texlive/2011/texmf-dist/tex/latex/base/ts1enc.def
File: ts1enc.def 2001/06/05 v3.0e (jk/car/fm) Standard LaTeX file
)
LaTeX Info: Redefining \oldstylenums on input line 266.
Package textcomp Info: Setting cmr sub-encoding to TS1/0 on input line 281.
Package textcomp Info: Setting cmss sub-encoding to TS1/0 on input line 282.
Package textcomp Info: Setting cmtt sub-encoding to TS1/0 on input line 283.
Package textcomp Info: Setting cmvtt sub-encoding to TS1/0 on input line 284.
Package textcomp Info: Setting cmbr sub-encoding to TS1/0 on input line 285.
Package textcomp Info: Setting cmtl sub-encoding to TS1/0 on input line 286.
Package textcomp Info: Setting ccr sub-encoding to TS1/0 on input line 287.
Package textcomp Info: Setting ptm sub-encoding to TS1/4 on input line 288.
Package textcomp Info: Setting pcr sub-encoding to TS1/4 on input line 289.
Package textcomp Info: Setting phv sub-encoding to TS1/4 on input line 290.
Package textcomp Info: Setting ppl sub-encoding to TS1/3 on input line 291.
Package textcomp Info: Setting pag sub-encoding to TS1/4 on input line 292.
Package textcomp Info: Setting pbk sub-encoding to TS1/4 on input line 293.
Package textcomp Info: Setting pnc sub-encoding to TS1/4 on input line 294.
Package textcomp Info: Setting pzc sub-encoding to TS1/4 on input line 295.
Package textcomp Info: Setting bch sub-encoding to TS1/4 on input line 296.
Package textcomp Info: Setting put sub-encoding to TS1/5 on input line 297.
Package textcomp Info: Setting uag sub-encoding to TS1/5 on input line 298.
Package textcomp Info: Setting ugq sub-encoding to TS1/5 on input line 299.
Package textcomp Info: Setting ul8 sub-encoding to TS1/4 on input line 300.
Package textcomp Info: Setting ul9 sub-encoding to TS1/4 on input line 301.
Package textcomp Info: Setting augie sub-encoding to TS1/5 on input line 302.
Package textcomp Info: Setting dayrom sub-encoding to TS1/3 on input line 303.
Package textcomp Info: Setting dayroms sub-encoding to TS1/3 on input line 304.

Package textcomp Info: Setting pxr sub-encoding to TS1/0 on input line 305.
Package textcomp Info: Setting pxss sub-encoding to TS1/0 on input line 306.
Package textcomp Info: Setting pxtt sub-encoding to TS1/0 on input line 307.
Package textcomp Info: Setting txr sub-encoding to TS1/0 on input line 308.
Package textcomp Info: Setting txss sub-encoding to TS1/0 on input line 309.
Package textcomp Info: Setting txtt sub-encoding to TS1/0 on input line 310.
Package textcomp Info: Setting lmr sub-encoding to TS1/0 on input line 311.
Package textcomp Info: Setting lmdh sub-encoding to TS1/0 on input line 312.
Package textcomp Info: Setting lmss sub-encoding to TS1/0 on input line 313.
Package textcomp Info: Setting lmssq sub-encoding to TS1/0 on input line 314.
Package textcomp Info: Setting lmvtt sub-encoding to TS1/0 on input line 315.
Package textcomp Info: Setting qhv sub-encoding to TS1/0 on input line 316.
Package textcomp Info: Setting qag sub-encoding to TS1/0 on input line 317.
Package textcomp Info: Setting qbk sub-encoding to TS1/0 on input line 318.
Package textcomp Info: Setting qcr sub-encoding to TS1/0 on input line 319.
Package textcomp Info: Setting qcs sub-encoding to TS1/0 on input line 320.
Package textcomp Info: Setting qpl sub-encoding to TS1/0 on input line 321.
Package textcomp Info: Setting qtm sub-encoding to TS1/0 on input line 322.
Package textcomp Info: Setting qzc sub-encoding to TS1/0 on input line 323.
Package textcomp Info: Setting qhvc sub-encoding to TS1/0 on input line 324.
Package textcomp Info: Setting futs sub-encoding to TS1/4 on input line 325.
Package textcomp Info: Setting futx sub-encoding to TS1/4 on input line 326.
Package textcomp Info: Setting futj sub-encoding to TS1/4 on input line 327.
Package textcomp Info: Setting hlh sub-encoding to TS1/3 on input line 328.
Package textcomp Info: Setting hls sub-encoding to TS1/3 on input line 329.
Package textcomp Info: Setting hlst sub-encoding to TS1/3 on input line 330.
Package textcomp Info: Setting hlct sub-encoding to TS1/5 on input line 331.
Package textcomp Info: Setting hlx sub-encoding to TS1/5 on input line 332.
Package textcomp Info: Setting hlce sub-encoding to TS1/5 on input line 333.
Package textcomp Info: Setting hlcn sub-encoding to TS1/5 on input line 334.
Package textcomp Info: Setting hlcw sub-encoding to TS1/5 on input line 335.
Package textcomp Info: Setting hlcf sub-encoding to TS1/5 on input line 336.
Package textcomp Info: Setting pplx sub-encoding to TS1/3 on input line 337.
Package textcomp Info: Setting pplj sub-encoding to TS1/3 on input line 338.
Package textcomp Info: Setting ptmx sub-encoding to TS1/4 on input line 339.
Package textcomp Info: Setting ptmj sub-encoding to TS1/4 on input line 340.
)
(/usr/local/texlive/2011/texmf-dist/tex/latex/geometry/geometry.sty
Package: geometry 2010/09/12 v5.6 Page Geometry

(/usr/local/texlive/2011/texmf-dist/tex/latex/graphics/keyval.sty
Package: keyval 1999/03/16 v1.13 key=value parser (DPC)
\KV@toks@=\toks14
)
(/usr/local/texlive/2011/texmf-dist/tex/generic/oberdiek/ifpdf.sty
Package: ifpdf 2011/01/30 v2.3 Provides the ifpdf switch (HO)
Package ifpdf Info: pdfTeX in PDF mode is detected.
)
(/usr/local/texlive/2011/texmf-dist/tex/generic/oberdiek/ifvtex.sty
Package: ifvtex 2010/03/01 v1.5 Switches for detecting VTeX and its modes (HO)
Package ifvtex Info: VTeX not detected.
)
(/usr/local/texlive/2011/texmf-dist/tex/generic/ifxetex/ifxetex.sty
Package: ifxetex 2010/09/12 v0.6 Provides ifxetex conditional
)
\Gm@cnth=\count99
\Gm@cntv=\count100
\c@Gm@tempcnt=\count101
\Gm@bindingoffset=\dimen113
\Gm@wd@mp=\dimen114
\Gm@odd@mp=\dimen115
\Gm@even@mp=\dimen116
\Gm@layoutwidth=\dimen117
\Gm@layoutheight=\dimen118
\Gm@layouthoffset=\dimen119
\Gm@layoutvoffset=\dimen120
\Gm@dimlist=\toks15
)
(./sublimelatexsheet -Mac.aux)
\openout1 = `"sublimelatexsheet -Mac.aux"'.

LaTeX Font Info:    Checking defaults for OML/cmm/m/it on input line 82.
LaTeX Font Info:    ... okay on input line 82.
LaTeX Font Info:    Checking defaults for T1/cmr/m/n on input line 82.
LaTeX Font Info:    ... okay on input line 82.
LaTeX Font Info:    Checking defaults for OT1/cmr/m/n on input line 82.
LaTeX Font Info:    ... okay on input line 82.
LaTeX Font Info:    Checking defaults for OMS/cmsy/m/n on input line 82.
LaTeX Font Info:    ... okay on input line 82.
LaTeX Font Info:    Checking defaults for OMX/cmex/m/n on input line 82.
LaTeX Font Info:    ... okay on input line 82.
LaTeX Font Info:    Checking defaults for U/cmr/m/n on input line 82.
LaTeX Font Info:    ... okay on input line 82.
LaTeX Font Info:    Checking defaults for TS1/cmr/m/n on input line 82.
LaTeX Font Info:    Try loading font information for TS1+cmr on input line 82.

(/usr/local/texlive/2011/texmf-dist/tex/latex/base/ts1cmr.fd
File: ts1cmr.fd 1999/05/25 v2.5h Standard LaTeX font definitions
)
LaTeX Font Info:    ... okay on input line 82.

*geometry* driver: auto-detecting
*geometry* detected driver: pdftex
*geometry* verbose mode - [ preamble ] result:
* driver: pdftex
* paper: <default>
* layout: <same size as paper>
* layoutoffset:(h,v)=(0.0pt,0.0pt)
* modes: landscape 
* h-part:(L,W,R)=(36.135pt, 722.7pt, 36.135pt)
* v-part:(T,H,B)=(36.135pt, 542.02501pt, 36.135pt)
* \paperwidth=794.96999pt
* \paperheight=614.295pt
* \textwidth=722.7pt
* \textheight=542.02501pt
* \oddsidemargin=-36.135pt
* \evensidemargin=-36.135pt
* \topmargin=-73.135pt
* \headheight=12.0pt
* \headsep=25.0pt
* \topskip=12.0pt
* \footskip=30.0pt
* \marginparwidth=134.0pt
* \marginparsep=10.0pt
* \columnsep=10.0pt
* \skip\footins=10.8pt plus 4.0pt minus 2.0pt
* \hoffset=0.0pt
* \voffset=0.0pt
* \mag=1000
* \@twocolumnfalse
* \@twosidefalse
* \@mparswitchfalse
* \@reversemarginfalse
* (1in=72.27pt=25.4mm, 1cm=28.453pt)

LaTeX Font Info:    External font `cmex10' loaded for size
(Font)              <17.28> on input line 88.
LaTeX Font Info:    External font `cmex10' loaded for size
(Font)              <12> on input line 88.
LaTeX Font Info:    External font `cmex10' loaded for size
(Font)              <7> on input line 105.
LaTeX Font Info:    External font `cmex10' loaded for size
(Font)              <5> on input line 105.

Overfull \hbox (9.75179pt too wide) in paragraph at lines 124--124
[][]\OT1/cmtt/m/n/10 cmd+alt+shift+2/3| 
 []


Overfull \hbox (4.50183pt too wide) in paragraph at lines 126--126
[][]\OT1/cmtt/m/n/10 shift+cmd+ctrl+f| 
 []


Overfull \hbox (318.08pt too wide) in paragraph at lines 193--215
[]  
 []

[1

{/usr/local/texlive/2011/texmf-var/fonts/map/pdftex/updmap/pdftex.map}]
Overfull \vbox (129.9861pt too high) has occurred while \output is active []


Overfull \vbox (128.9861pt too high) has occurred while \output is active []


Overfull \vbox (127.9861pt too high) has occurred while \output is active []


Overfull \vbox (126.9861pt too high) has occurred while \output is active []


Overfull \vbox (125.9861pt too high) has occurred while \output is active []


Overfull \vbox (124.9861pt too high) has occurred while \output is active []


Overfull \vbox (123.9861pt too high) has occurred while \output is active []


Overfull \vbox (122.9861pt too high) has occurred while \output is active []


Overfull \vbox (121.9861pt too high) has occurred while \output is active []


Overfull \vbox (120.9861pt too high) has occurred while \output is active []


Overfull \vbox (119.9861pt too high) has occurred while \output is active []


Overfull \vbox (118.9861pt too high) has occurred while \output is active []


Overfull \vbox (117.9861pt too high) has occurred while \output is active []


Overfull \vbox (116.9861pt too high) has occurred while \output is active []


Overfull \vbox (115.9861pt too high) has occurred while \output is active []


Overfull \vbox (114.9861pt too high) has occurred while \output is active []


Overfull \vbox (113.9861pt too high) has occurred while \output is active []


Overfull \vbox (112.9861pt too high) has occurred while \output is active []


Overfull \vbox (111.9861pt too high) has occurred while \output is active []


Overfull \vbox (110.9861pt too high) has occurred while \output is active []


Overfull \vbox (109.9861pt too high) has occurred while \output is active []


Overfull \vbox (108.9861pt too high) has occurred while \output is active []


Overfull \vbox (107.9861pt too high) has occurred while \output is active []


Overfull \vbox (106.9861pt too high) has occurred while \output is active []


Overfull \vbox (105.9861pt too high) has occurred while \output is active []


Overfull \vbox (104.9861pt too high) has occurred while \output is active []


Overfull \vbox (103.9861pt too high) has occurred while \output is active []


Overfull \vbox (102.9861pt too high) has occurred while \output is active []


Overfull \vbox (101.9861pt too high) has occurred while \output is active []


Overfull \vbox (100.9861pt too high) has occurred while \output is active []


Overfull \vbox (99.9861pt too high) has occurred while \output is active []


Overfull \vbox (98.9861pt too high) has occurred while \output is active []


Overfull \vbox (97.9861pt too high) has occurred while \output is active []


Overfull \vbox (96.9861pt too high) has occurred while \output is active []


Overfull \vbox (95.9861pt too high) has occurred while \output is active []


Overfull \vbox (94.9861pt too high) has occurred while \output is active []


Overfull \vbox (93.9861pt too high) has occurred while \output is active []


Overfull \vbox (92.9861pt too high) has occurred while \output is active []


Overfull \vbox (91.9861pt too high) has occurred while \output is active []


Overfull \vbox (90.9861pt too high) has occurred while \output is active []


Overfull \vbox (89.9861pt too high) has occurred while \output is active []


Overfull \vbox (88.9861pt too high) has occurred while \output is active []


Overfull \vbox (87.9861pt too high) has occurred while \output is active []


Overfull \vbox (86.9861pt too high) has occurred while \output is active []


Overfull \vbox (85.9861pt too high) has occurred while \output is active []


Overfull \vbox (84.9861pt too high) has occurred while \output is active []


Overfull \vbox (83.9861pt too high) has occurred while \output is active []


Overfull \vbox (82.9861pt too high) has occurred while \output is active []


Overfull \vbox (81.9861pt too high) has occurred while \output is active []


Overfull \vbox (80.9861pt too high) has occurred while \output is active []


Overfull \vbox (79.9861pt too high) has occurred while \output is active []


Overfull \vbox (78.9861pt too high) has occurred while \output is active []


Overfull \vbox (77.9861pt too high) has occurred while \output is active []


Overfull \vbox (76.9861pt too high) has occurred while \output is active []


Overfull \vbox (75.9861pt too high) has occurred while \output is active []


Overfull \vbox (74.9861pt too high) has occurred while \output is active []


Overfull \vbox (73.9861pt too high) has occurred while \output is active []


Overfull \vbox (72.9861pt too high) has occurred while \output is active []


Overfull \vbox (71.9861pt too high) has occurred while \output is active []


Overfull \vbox (70.9861pt too high) has occurred while \output is active []


Overfull \vbox (69.9861pt too high) has occurred while \output is active []


Overfull \vbox (68.9861pt too high) has occurred while \output is active []


Overfull \vbox (67.9861pt too high) has occurred while \output is active []


Overfull \vbox (66.9861pt too high) has occurred while \output is active []


Overfull \vbox (65.9861pt too high) has occurred while \output is active []


Overfull \vbox (64.9861pt too high) has occurred while \output is active []


Overfull \vbox (63.9861pt too high) has occurred while \output is active []


Overfull \vbox (62.9861pt too high) has occurred while \output is active []


Overfull \vbox (61.9861pt too high) has occurred while \output is active []


Overfull \vbox (60.9861pt too high) has occurred while \output is active []


Overfull \vbox (59.9861pt too high) has occurred while \output is active []


Overfull \vbox (58.9861pt too high) has occurred while \output is active []


Overfull \vbox (57.9861pt too high) has occurred while \output is active []


Overfull \vbox (56.9861pt too high) has occurred while \output is active []


Overfull \vbox (55.9861pt too high) has occurred while \output is active []


Overfull \vbox (54.9861pt too high) has occurred while \output is active []


Overfull \vbox (53.9861pt too high) has occurred while \output is active []


Overfull \vbox (52.9861pt too high) has occurred while \output is active []


Overfull \vbox (51.9861pt too high) has occurred while \output is active []


Overfull \vbox (50.9861pt too high) has occurred while \output is active []


Overfull \vbox (49.9861pt too high) has occurred while \output is active []


Overfull \vbox (48.9861pt too high) has occurred while \output is active []


Overfull \vbox (47.9861pt too high) has occurred while \output is active []


Overfull \vbox (46.9861pt too high) has occurred while \output is active []


Overfull \vbox (45.9861pt too high) has occurred while \output is active []


Overfull \vbox (44.9861pt too high) has occurred while \output is active []


Overfull \vbox (43.9861pt too high) has occurred while \output is active []


Overfull \vbox (42.9861pt too high) has occurred while \output is active []


Overfull \vbox (41.9861pt too high) has occurred while \output is active []


Overfull \vbox (40.9861pt too high) has occurred while \output is active []


Overfull \vbox (39.9861pt too high) has occurred while \output is active []


Overfull \vbox (38.9861pt too high) has occurred while \output is active []


Overfull \vbox (37.9861pt too high) has occurred while \output is active []


Overfull \vbox (36.9861pt too high) has occurred while \output is active []


Overfull \vbox (35.9861pt too high) has occurred while \output is active []


Overfull \vbox (34.9861pt too high) has occurred while \output is active []


Overfull \vbox (33.9861pt too high) has occurred while \output is active []


Overfull \vbox (32.9861pt too high) has occurred while \output is active []


Overfull \vbox (31.9861pt too high) has occurred while \output is active []


Overfull \vbox (30.9861pt too high) has occurred while \output is active []


Overfull \vbox (29.9861pt too high) has occurred while \output is active []


Overfull \vbox (28.9861pt too high) has occurred while \output is active []


Overfull \vbox (27.9861pt too high) has occurred while \output is active []


Overfull \vbox (26.9861pt too high) has occurred while \output is active []


Overfull \vbox (25.9861pt too high) has occurred while \output is active []


Overfull \vbox (24.9861pt too high) has occurred while \output is active []


[2]
Missing character: There is no â in font cmr10!
Missing character: There is no € in font cmr10!
Missing character: There is no ¦ in font cmr10!
 [3] (./sublimelatexsheet -Mac.aux) ) 
Here is how much of TeX's memory you used:
 1430 strings out of 493610
 20609 string characters out of 3142404
 90563 words of memory out of 3000000
 4779 multiletter control sequences out of 15000+200000
 7490 words of font info for 27 fonts, out of 3000000 for 9000
 831 hyphenation exceptions out of 8191
 23i,10n,19p,313b,302s stack positions out of 5000i,500n,10000p,200000b,50000s
{/usr/local/texlive/2011/texmf-dist/fonts/
enc/dvips/cm-super/cm-super-ts1.enc}</usr/local/texlive/2011/texmf-dist/fonts/t
ype1/public/amsfonts/cm/cmbx12.pfb></usr/local/texlive/2011/texmf-dist/fonts/ty
pe1/public/amsfonts/cm/cmmi10.pfb></usr/local/texlive/2011/texmf-dist/fonts/typ
e1/public/amsfonts/cm/cmr10.pfb></usr/local/texlive/2011/texmf-dist/fonts/type1
/public/amsfonts/cm/cmr8.pfb></usr/local/texlive/2011/texmf-dist/fonts/type1/pu
blic/amsfonts/cm/cmsy10.pfb></usr/local/texlive/2011/texmf-dist/fonts/type1/pub
lic/amsfonts/cm/cmtt10.pfb></usr/local/texlive/2011/texmf-dist/fonts/type1/publ
ic/cm-super/sfrm0800.pfb>
Output written on "sublimelatexsheet -Mac.pdf" (3 pages, 86263 bytes).
PDF statistics:
 43 PDF objects out of 1000 (max. 8388607)
 30 compressed objects within 1 object stream
 0 named destinations out of 1000 (max. 500000)
 1 words of extra memory for PDF output out of 10000 (max. 10000000)

